timestamp: 2023-05-25T00:45:11.462100
CREATE TABLE "auth_user"(
    "id" INTEGER PRIMARY KEY AUTOINCREMENT,
    "username" CHAR(512) UNIQUE,
    "email" CHAR(512) UNIQUE,
    "password" CHAR(512),
    "first_name" CHAR(512),
    "last_name" CHAR(512),
    "sso_id" CHAR(512),
    "action_token" CHAR(512),
    "last_password_change" TIMESTAMP,
    "past_passwords_hash" TEXT
);
success!
timestamp: 2023-05-25T00:45:11.484108
CREATE TABLE "auth_user_tag_groups"(
    "id" INTEGER PRIMARY KEY AUTOINCREMENT,
    "tagpath" CHAR(512),
    "record_id" INTEGER REFERENCES "auth_user" ("id") ON DELETE CASCADE ON UPDATE CASCADE  
);
success!
timestamp: 2023-05-26T17:51:33.990698
CREATE TABLE "deck"(
    "id" INTEGER PRIMARY KEY AUTOINCREMENT,
    "author" INTEGER REFERENCES "auth_user" ("id") ON DELETE CASCADE ON UPDATE CASCADE  ,
    "title" CHAR(512),
    "description" CHAR(512),
    "public" CHAR(1),
    "created" TIMESTAMP,
    "modified" TIMESTAMP
);
success!
timestamp: 2023-05-26T17:51:34.016676
CREATE TABLE "card"(
    "id" INTEGER PRIMARY KEY AUTOINCREMENT,
    "deck_id" INTEGER REFERENCES "deck" ("id") ON DELETE CASCADE ON UPDATE CASCADE  ,
    "index" INTEGER,
    "front" CHAR(512),
    "back" CHAR(512)
);
success!
timestamp: 2023-05-26T17:51:34.032675
CREATE TABLE "difficulty"(
    "id" INTEGER PRIMARY KEY AUTOINCREMENT,
    "user_id" INTEGER REFERENCES "auth_user" ("id") ON DELETE CASCADE ON UPDATE CASCADE  ,
    "deck_id" INTEGER REFERENCES "deck" ("id") ON DELETE CASCADE ON UPDATE CASCADE  ,
    "card_id" INTEGER REFERENCES "card" ("id") ON DELETE CASCADE ON UPDATE CASCADE  ,
    "difficulty" CHAR(512)
);
success!
timestamp: 2023-05-26T17:51:34.045675
CREATE TABLE "tag"(
    "id" INTEGER PRIMARY KEY AUTOINCREMENT,
    "deck_id" INTEGER REFERENCES "deck" ("id") ON DELETE CASCADE ON UPDATE CASCADE  ,
    "tag" CHAR(512)
);
success!
timestamp: 2023-05-26T17:51:34.062699
CREATE TABLE "favorite"(
    "id" INTEGER PRIMARY KEY AUTOINCREMENT,
    "deck_id" INTEGER REFERENCES "deck" ("id") ON DELETE CASCADE ON UPDATE CASCADE  ,
    "user_id" INTEGER REFERENCES "auth_user" ("id") ON DELETE CASCADE ON UPDATE CASCADE  
);
success!
timestamp: 2023-05-26T23:10:49.584043
CREATE TABLE "py4web_session"(
    "id" INTEGER PRIMARY KEY AUTOINCREMENT,
    "rkey" CHAR(512),
    "rvalue" TEXT,
    "expiration" INTEGER,
    "created_on" TIMESTAMP,
    "expires_on" TIMESTAMP
);
success!
